Traceback (most recent call last):
  File "/Users/miguelangeljimenezurias/mambaforge/envs/pydap_docs/lib/python3.11/site-packages/jupyter_cache/executors/utils.py", line 58, in single_nb_execution
    executenb(
  File "/Users/miguelangeljimenezurias/mambaforge/envs/pydap_docs/lib/python3.11/site-packages/nbclient/client.py", line 1314, in execute
    return NotebookClient(nb=nb, resources=resources, km=km, **kwargs).execute()
           ^^^^^^^^^^^^^^^^^^^^^^^^^^^^^^^^^^^^^^^^^^^^^^^^^^^^^^^^^^^^^^^^^^^^^
  File "/Users/miguelangeljimenezurias/mambaforge/envs/pydap_docs/lib/python3.11/site-packages/jupyter_core/utils/__init__.py", line 165, in wrapped
    return loop.run_until_complete(inner)
           ^^^^^^^^^^^^^^^^^^^^^^^^^^^^^^
  File "/Users/miguelangeljimenezurias/mambaforge/envs/pydap_docs/lib/python3.11/asyncio/base_events.py", line 654, in run_until_complete
    return future.result()
           ^^^^^^^^^^^^^^^
  File "/Users/miguelangeljimenezurias/mambaforge/envs/pydap_docs/lib/python3.11/site-packages/nbclient/client.py", line 709, in async_execute
    await self.async_execute_cell(
  File "/Users/miguelangeljimenezurias/mambaforge/envs/pydap_docs/lib/python3.11/site-packages/nbclient/client.py", line 1062, in async_execute_cell
    await self._check_raise_for_error(cell, cell_index, exec_reply)
  File "/Users/miguelangeljimenezurias/mambaforge/envs/pydap_docs/lib/python3.11/site-packages/nbclient/client.py", line 918, in _check_raise_for_error
    raise CellExecutionError.from_cell_and_msg(cell, exec_reply_content)
nbclient.exceptions.CellExecutionError: An error occurred while executing the following cell:
------------------
ds = open_url(dataset_url, session=session, protocol='dap4')
ds.tree()
------------------


[0;31m---------------------------------------------------------------------------[0m
[0;31mHTTPError[0m                                 Traceback (most recent call last)
Cell [0;32mIn[4], line 1[0m
[0;32m----> 1[0m ds [38;5;241m=[39m [43mopen_url[49m[43m([49m[43mdataset_url[49m[43m,[49m[43m [49m[43msession[49m[38;5;241;43m=[39;49m[43msession[49m[43m,[49m[43m [49m[43mprotocol[49m[38;5;241;43m=[39;49m[38;5;124;43m'[39;49m[38;5;124;43mdap4[39;49m[38;5;124;43m'[39;49m[43m)[49m
[1;32m      2[0m ds[38;5;241m.[39mtree()

File [0;32m~/pydap/src/pydap/client.py:78[0m, in [0;36mopen_url[0;34m(url, application, session, output_grid, timeout, verify, user_charset, protocol)[0m
[1;32m     62[0m [38;5;28;01mdef[39;00m [38;5;21mopen_url[39m(
[1;32m     63[0m     url,
[1;32m     64[0m     application[38;5;241m=[39m[38;5;28;01mNone[39;00m,
[0;32m   (...)[0m
[1;32m     70[0m     protocol[38;5;241m=[39m[38;5;28;01mNone[39;00m,
[1;32m     71[0m ):
[1;32m     72[0m [38;5;250m    [39m[38;5;124;03m"""[39;00m
[1;32m     73[0m [38;5;124;03m    Open a remote URL, returning a dataset.[39;00m
[1;32m     74[0m 
[1;32m     75[0m [38;5;124;03m    set output_grid to `False` to retrieve only main arrays and[39;00m
[1;32m     76[0m [38;5;124;03m    never retrieve coordinate axes.[39;00m
[1;32m     77[0m [38;5;124;03m    """[39;00m
[0;32m---> 78[0m     handler [38;5;241m=[39m [43mpydap[49m[38;5;241;43m.[39;49m[43mhandlers[49m[38;5;241;43m.[39;49m[43mdap[49m[38;5;241;43m.[39;49m[43mDAPHandler[49m[43m([49m
[1;32m     79[0m [43m        [49m[43murl[49m[43m,[49m
[1;32m     80[0m [43m        [49m[43mapplication[49m[43m,[49m
[1;32m     81[0m [43m        [49m[43msession[49m[43m,[49m
[1;32m     82[0m [43m        [49m[43moutput_grid[49m[43m,[49m
[1;32m     83[0m [43m        [49m[43mtimeout[49m[38;5;241;43m=[39;49m[43mtimeout[49m[43m,[49m
[1;32m     84[0m [43m        [49m[43mverify[49m[38;5;241;43m=[39;49m[43mverify[49m[43m,[49m
[1;32m     85[0m [43m        [49m[43muser_charset[49m[38;5;241;43m=[39;49m[43muser_charset[49m[43m,[49m
[1;32m     86[0m [43m        [49m[43mprotocol[49m[38;5;241;43m=[39;49m[43mprotocol[49m[43m,[49m
[1;32m     87[0m [43m    [49m[43m)[49m
[1;32m     88[0m     dataset [38;5;241m=[39m handler[38;5;241m.[39mdataset
[1;32m     90[0m     [38;5;66;03m# attach server-side functions[39;00m

File [0;32m~/pydap/src/pydap/handlers/dap.py:100[0m, in [0;36mDAPHandler.__init__[0;34m(self, url, application, session, output_grid, timeout, verify, user_charset, protocol)[0m
[1;32m     91[0m arg [38;5;241m=[39m (
[1;32m     92[0m     [38;5;28mself[39m[38;5;241m.[39mscheme,
[1;32m     93[0m     [38;5;28mself[39m[38;5;241m.[39mnetloc,
[0;32m   (...)[0m
[1;32m     97[0m     [38;5;28mself[39m[38;5;241m.[39mfragment,
[1;32m     98[0m )
[1;32m     99[0m [38;5;28mself[39m[38;5;241m.[39mbase_url [38;5;241m=[39m urlunparse(arg)
[0;32m--> 100[0m [38;5;28;43mself[39;49m[38;5;241;43m.[39;49m[43mmake_dataset[49m[43m([49m[43m)[49m
[1;32m    101[0m [38;5;28mself[39m[38;5;241m.[39madd_proxies()

File [0;32m~/pydap/src/pydap/handlers/dap.py:134[0m, in [0;36mDAPHandler.make_dataset[0;34m(self)[0m
[1;32m    130[0m [38;5;28;01mdef[39;00m [38;5;21mmake_dataset[39m(
[1;32m    131[0m     [38;5;28mself[39m,
[1;32m    132[0m ):
[1;32m    133[0m     [38;5;28;01mif[39;00m [38;5;28mself[39m[38;5;241m.[39mprotocol [38;5;241m==[39m [38;5;124m"[39m[38;5;124mdap4[39m[38;5;124m"[39m:
[0;32m--> 134[0m         [38;5;28;43mself[39;49m[38;5;241;43m.[39;49m[43mdataset_from_dap4[49m[43m([49m[43m)[49m
[1;32m    135[0m     [38;5;28;01melse[39;00m:
[1;32m    136[0m         [38;5;28mself[39m[38;5;241m.[39mdataset_from_dap2()

File [0;32m~/pydap/src/pydap/handlers/dap.py:157[0m, in [0;36mDAPHandler.dataset_from_dap4[0;34m(self)[0m
[1;32m    140[0m dmr_url [38;5;241m=[39m urlunparse(
[1;32m    141[0m     (
[1;32m    142[0m         [38;5;28mself[39m[38;5;241m.[39mscheme,
[0;32m   (...)[0m
[1;32m    148[0m     )
[1;32m    149[0m )
[1;32m    150[0m r [38;5;241m=[39m GET(
[1;32m    151[0m     dmr_url,
[1;32m    152[0m     [38;5;28mself[39m[38;5;241m.[39mapplication,
[0;32m   (...)[0m
[1;32m    155[0m     verify[38;5;241m=[39m[38;5;28mself[39m[38;5;241m.[39mverify,
[1;32m    156[0m )
[0;32m--> 157[0m [43mraise_for_status[49m[43m([49m[43mr[49m[43m)[49m
[1;32m    158[0m dmr [38;5;241m=[39m safe_charset_text(r, [38;5;28mself[39m[38;5;241m.[39muser_charset)
[1;32m    159[0m [38;5;28mself[39m[38;5;241m.[39mdataset [38;5;241m=[39m dmr_to_dataset(dmr)

File [0;32m~/pydap/src/pydap/net.py:37[0m, in [0;36mraise_for_status[0;34m(response)[0m
[1;32m     34[0m [38;5;28;01mdef[39;00m [38;5;21mraise_for_status[39m(response):
[1;32m     35[0m     [38;5;66;03m# Raise error if status is above 300:[39;00m
[1;32m     36[0m     [38;5;28;01mif[39;00m response[38;5;241m.[39mstatus_code [38;5;241m>[39m[38;5;241m=[39m [38;5;241m400[39m:
[0;32m---> 37[0m         [38;5;28;01mraise[39;00m HTTPError(
[1;32m     38[0m             detail[38;5;241m=[39mresponse[38;5;241m.[39mstatus [38;5;241m+[39m [38;5;124m"[39m[38;5;130;01m\n[39;00m[38;5;124m"[39m [38;5;241m+[39m response[38;5;241m.[39mtext,
[1;32m     39[0m             headers[38;5;241m=[39mresponse[38;5;241m.[39mheaders,
[1;32m     40[0m             comment[38;5;241m=[39mresponse[38;5;241m.[39mbody,
[1;32m     41[0m         )
[1;32m     42[0m     [38;5;28;01melif[39;00m response[38;5;241m.[39mstatus_code [38;5;241m>[39m[38;5;241m=[39m [38;5;241m300[39m:
[1;32m     43[0m         [38;5;28;01mtry[39;00m:

[0;31mHTTPError[0m: 401 Unauthorized
HTTP Basic: Access denied.


