Traceback (most recent call last):
  File "/Users/miguelangeljimenezurias/mambaforge/envs/pydap_docs/lib/python3.10/site-packages/jupyter_cache/executors/utils.py", line 58, in single_nb_execution
    executenb(
  File "/Users/miguelangeljimenezurias/mambaforge/envs/pydap_docs/lib/python3.10/site-packages/nbclient/client.py", line 1314, in execute
    return NotebookClient(nb=nb, resources=resources, km=km, **kwargs).execute()
  File "/Users/miguelangeljimenezurias/mambaforge/envs/pydap_docs/lib/python3.10/site-packages/jupyter_core/utils/__init__.py", line 165, in wrapped
    return loop.run_until_complete(inner)
  File "/Users/miguelangeljimenezurias/mambaforge/envs/pydap_docs/lib/python3.10/asyncio/base_events.py", line 649, in run_until_complete
    return future.result()
  File "/Users/miguelangeljimenezurias/mambaforge/envs/pydap_docs/lib/python3.10/site-packages/nbclient/client.py", line 709, in async_execute
    await self.async_execute_cell(
  File "/Users/miguelangeljimenezurias/mambaforge/envs/pydap_docs/lib/python3.10/site-packages/nbclient/client.py", line 1062, in async_execute_cell
    await self._check_raise_for_error(cell, cell_index, exec_reply)
  File "/Users/miguelangeljimenezurias/mambaforge/envs/pydap_docs/lib/python3.10/site-packages/nbclient/client.py", line 918, in _check_raise_for_error
    raise CellExecutionError.from_cell_and_msg(cell, exec_reply_content)
nbclient.exceptions.CellExecutionError: An error occurred while executing the following cell:
------------------
ds = open_url(url, session=my_session)
ds.tree()
------------------


[0;31m---------------------------------------------------------------------------[0m
[0;31mHTTPError[0m                                 Traceback (most recent call last)
Cell [0;32mIn[22], line 1[0m
[0;32m----> 1[0m ds [38;5;241m=[39m [43mopen_url[49m[43m([49m[43murl[49m[43m,[49m[43m [49m[43msession[49m[38;5;241;43m=[39;49m[43mmy_session[49m[43m)[49m
[1;32m      2[0m ds[38;5;241m.[39mtree()

File [0;32m~/pydap/src/pydap/client.py:78[0m, in [0;36mopen_url[0;34m(url, application, session, output_grid, timeout, verify, user_charset, protocol)[0m
[1;32m     62[0m [38;5;28;01mdef[39;00m [38;5;21mopen_url[39m(
[1;32m     63[0m     url,
[1;32m     64[0m     application[38;5;241m=[39m[38;5;28;01mNone[39;00m,
[0;32m   (...)[0m
[1;32m     70[0m     protocol[38;5;241m=[39m[38;5;28;01mNone[39;00m,
[1;32m     71[0m ):
[1;32m     72[0m [38;5;250m    [39m[38;5;124;03m"""[39;00m
[1;32m     73[0m [38;5;124;03m    Open a remote URL, returning a dataset.[39;00m
[1;32m     74[0m
[1;32m     75[0m [38;5;124;03m    set output_grid to `False` to retrieve only main arrays and[39;00m
[1;32m     76[0m [38;5;124;03m    never retrieve coordinate axes.[39;00m
[1;32m     77[0m [38;5;124;03m    """[39;00m
[0;32m---> 78[0m     handler [38;5;241m=[39m [43mpydap[49m[38;5;241;43m.[39;49m[43mhandlers[49m[38;5;241;43m.[39;49m[43mdap[49m[38;5;241;43m.[39;49m[43mDAPHandler[49m[43m([49m
[1;32m     79[0m [43m        [49m[43murl[49m[43m,[49m
[1;32m     80[0m [43m        [49m[43mapplication[49m[43m,[49m
[1;32m     81[0m [43m        [49m[43msession[49m[43m,[49m
[1;32m     82[0m [43m        [49m[43moutput_grid[49m[43m,[49m
[1;32m     83[0m [43m        [49m[43mtimeout[49m[38;5;241;43m=[39;49m[43mtimeout[49m[43m,[49m
[1;32m     84[0m [43m        [49m[43mverify[49m[38;5;241;43m=[39;49m[43mverify[49m[43m,[49m
[1;32m     85[0m [43m        [49m[43muser_charset[49m[38;5;241;43m=[39;49m[43muser_charset[49m[43m,[49m
[1;32m     86[0m [43m        [49m[43mprotocol[49m[38;5;241;43m=[39;49m[43mprotocol[49m[43m,[49m
[1;32m     87[0m [43m    [49m[43m)[49m
[1;32m     88[0m     dataset [38;5;241m=[39m handler[38;5;241m.[39mdataset
[1;32m     90[0m     [38;5;66;03m# attach server-side functions[39;00m

File [0;32m~/pydap/src/pydap/handlers/dap.py:98[0m, in [0;36mDAPHandler.__init__[0;34m(self, url, application, session, output_grid, timeout, verify, user_charset, protocol)[0m
[1;32m     89[0m arg [38;5;241m=[39m (
[1;32m     90[0m     [38;5;28mself[39m[38;5;241m.[39mscheme,
[1;32m     91[0m     [38;5;28mself[39m[38;5;241m.[39mnetloc,
[0;32m   (...)[0m
[1;32m     95[0m     [38;5;28mself[39m[38;5;241m.[39mfragment,
[1;32m     96[0m )
[1;32m     97[0m [38;5;28mself[39m[38;5;241m.[39mbase_url [38;5;241m=[39m urlunparse(arg)
[0;32m---> 98[0m [38;5;28;43mself[39;49m[38;5;241;43m.[39;49m[43mmake_dataset[49m[43m([49m[43m)[49m
[1;32m     99[0m [38;5;28mself[39m[38;5;241m.[39madd_proxies()

File [0;32m~/pydap/src/pydap/handlers/dap.py:132[0m, in [0;36mDAPHandler.make_dataset[0;34m(self)[0m
[1;32m    128[0m [38;5;28;01mdef[39;00m [38;5;21mmake_dataset[39m(
[1;32m    129[0m     [38;5;28mself[39m,
[1;32m    130[0m ):
[1;32m    131[0m     [38;5;28;01mif[39;00m [38;5;28mself[39m[38;5;241m.[39mprotocol [38;5;241m==[39m [38;5;124m"[39m[38;5;124mdap4[39m[38;5;124m"[39m:
[0;32m--> 132[0m         [38;5;28;43mself[39;49m[38;5;241;43m.[39;49m[43mdataset_from_dap4[49m[43m([49m[43m)[49m
[1;32m    133[0m     [38;5;28;01melse[39;00m:
[1;32m    134[0m         [38;5;28mself[39m[38;5;241m.[39mdataset_from_dap2()

File [0;32m~/pydap/src/pydap/handlers/dap.py:155[0m, in [0;36mDAPHandler.dataset_from_dap4[0;34m(self)[0m
[1;32m    138[0m dmr_url [38;5;241m=[39m urlunparse(
[1;32m    139[0m     (
[1;32m    140[0m         [38;5;28mself[39m[38;5;241m.[39mscheme,
[0;32m   (...)[0m
[1;32m    146[0m     )
[1;32m    147[0m )
[1;32m    148[0m r [38;5;241m=[39m pydap[38;5;241m.[39mnet[38;5;241m.[39mGET(
[1;32m    149[0m     dmr_url,
[1;32m    150[0m     [38;5;28mself[39m[38;5;241m.[39mapplication,
[0;32m   (...)[0m
[1;32m    153[0m     verify[38;5;241m=[39m[38;5;28mself[39m[38;5;241m.[39mverify,
[1;32m    154[0m )
[0;32m--> 155[0m [43mpydap[49m[38;5;241;43m.[39;49m[43mnet[49m[38;5;241;43m.[39;49m[43mraise_for_status[49m[43m([49m[43mr[49m[43m)[49m
[1;32m    156[0m dmr [38;5;241m=[39m safe_charset_text(r, [38;5;28mself[39m[38;5;241m.[39muser_charset)
[1;32m    157[0m [38;5;28mself[39m[38;5;241m.[39mdataset [38;5;241m=[39m dmr_to_dataset(dmr)

File [0;32m~/pydap/src/pydap/net.py:37[0m, in [0;36mraise_for_status[0;34m(response)[0m
[1;32m     34[0m [38;5;28;01mdef[39;00m [38;5;21mraise_for_status[39m(response):
[1;32m     35[0m     [38;5;66;03m# Raise error if status is above 300:[39;00m
[1;32m     36[0m     [38;5;28;01mif[39;00m response[38;5;241m.[39mstatus_code [38;5;241m>[39m[38;5;241m=[39m [38;5;241m400[39m:
[0;32m---> 37[0m         [38;5;28;01mraise[39;00m HTTPError(
[1;32m     38[0m             detail[38;5;241m=[39mresponse[38;5;241m.[39mstatus [38;5;241m+[39m [38;5;124m"[39m[38;5;130;01m\n[39;00m[38;5;124m"[39m [38;5;241m+[39m response[38;5;241m.[39mtext,
[1;32m     39[0m             headers[38;5;241m=[39mresponse[38;5;241m.[39mheaders,
[1;32m     40[0m             comment[38;5;241m=[39mresponse[38;5;241m.[39mbody,
[1;32m     41[0m         )
[1;32m     42[0m     [38;5;28;01melif[39;00m response[38;5;241m.[39mstatus_code [38;5;241m>[39m[38;5;241m=[39m [38;5;241m300[39m:
[1;32m     43[0m         [38;5;28;01mtry[39;00m:

[0;31mHTTPError[0m: 500 Internal Server Error


<!doctype html>
<html lang='en'>
<head>
<meta charset='utf-8'>
<title>ERROR @ Ocean Biology Distributed Active Archive Center (OB.DAAC)</title>
<meta name='viewport' content='width=device-width, initial-scale=1'>


<style>
body {
        font-family: tahoma, serif;
        background-color: #ebebeb;
        padding: 0;
        margin: 0;
        font-size: 14px;
        height: 100%;
}
*,
*:before,
*:after {
  -webkit-box-sizing: border-box;
  -moz-box-sizing: border-box;
  box-sizing: border-box;
}

a:link, a:visited, a:active {
        color: #2D7AB7;
        text-decoration: none;
}

h2 {
        margin-bottom: 20px;
}

h3 {
        margin-bottom: 20px;
   margin-top: 20px;
}

.full-width-container {
        display: grid;
        grid-template-columns: 1fr;
        max-width: 1600px;
        margin: auto;
        height: 100vh;
}

ul {
  list-style: none;
  padding: 0;
  margin: 0 0 20px 0;
  list-style-position: outside;
}

li {
  padding-left: 16px;
  /* margin-bottom: 20px; */
}

.hanging-indent ul > li {
        padding-left: 18px;
        text-indent: -18px;
}

ul > li::before {
  content: "\>\>";
  padding-right: 8px;
  font-size: 20px;
  color: #999999;
}

hr {
        border-top: 3px solid #255f8e;
}

.content-full {
        background-color: #fff;
        padding: 20px;
}

.error-grid {
        display: grid;
        grid-template-columns: 1fr;

}

.error-grid-item {
        /* outline: 1px solid red; */
}


@media (min-width: 35em) {

        body {
                margin: 0 25px 0 25px;
        }

        .error-grid {
                display: grid;
                grid-template-columns: 1fr minmax(600px, 1fr) 1fr;
        }

}

@media (min-width: 50em) {

        body {
                margin: 0 50px 0 50px;
        }

}

</style>

</head>
<body>


<div class="full-width-container">

        <div class="content-full" style="text-align: center; align: center;">

                <br>

                <hr>

                <div class="error-grid">
                        <div class="error-grid-item">&nbsp;</div>
                        <div class="error-grid-item">

                                <h1 style="font-size: 40px;"><b>.:. ERROR .:.</b></h1>

                                <h2 style="color: #255f8e;">Ocean Biology Distributed Active Archive Center (OB.DAAC)</h2>

                                <div style="text-align: left;">

                                        <br>
                                        <p style="font-weight: bold;">Helpful Links:</p>

                                        <ul>
                                                <li>Go back to the Ocean Color website: <br><a href="https://oceancolor.gsfc.nasa.gov" style="margin-left: 50px;">https://oceancolor.gsfc.nasa.gov</a>
                                                </li>
                                                <li style="margin-top: 20px;">Email the website administrators:<br><a href="mailto:obdaacwebadmin@oceancolor.gsfc.nasa.gov" style="margin-left: 50px;">obdaacwebadmin@oceancolor.gsfc.nasa.gov</a>
                                                </li>
                                        </ul>

                                </div>

                        </div>
                        <div class="error-grid-item">&nbsp;</div>
                </div>


                <hr>

        </div>

</div>


</body>
</html>

<!-- IE needs 512+ bytes: http://blogs.msdn.com/b/ieinternals/archive/2010/08/19/http-error-pages-in-internet-explorer.aspx -->
