Traceback (most recent call last):
  File "/Users/miguelangeljimenezurias/mambaforge/envs/pydap_docs/lib/python3.11/site-packages/jupyter_cache/executors/utils.py", line 58, in single_nb_execution
    executenb(
  File "/Users/miguelangeljimenezurias/mambaforge/envs/pydap_docs/lib/python3.11/site-packages/nbclient/client.py", line 1323, in execute
    return NotebookClient(nb=nb, resources=resources, km=km, **kwargs).execute()
           ^^^^^^^^^^^^^^^^^^^^^^^^^^^^^^^^^^^^^^^^^^^^^^^^^^^^^^^^^^^^^^^^^^^^^
  File "/Users/miguelangeljimenezurias/mambaforge/envs/pydap_docs/lib/python3.11/site-packages/jupyter_core/utils/__init__.py", line 165, in wrapped
    return loop.run_until_complete(inner)
           ^^^^^^^^^^^^^^^^^^^^^^^^^^^^^^
  File "/Users/miguelangeljimenezurias/mambaforge/envs/pydap_docs/lib/python3.11/asyncio/base_events.py", line 654, in run_until_complete
    return future.result()
           ^^^^^^^^^^^^^^^
  File "/Users/miguelangeljimenezurias/mambaforge/envs/pydap_docs/lib/python3.11/site-packages/nbclient/client.py", line 709, in async_execute
    await self.async_execute_cell(
  File "/Users/miguelangeljimenezurias/mambaforge/envs/pydap_docs/lib/python3.11/site-packages/nbclient/client.py", line 1062, in async_execute_cell
    await self._check_raise_for_error(cell, cell_index, exec_reply)
  File "/Users/miguelangeljimenezurias/mambaforge/envs/pydap_docs/lib/python3.11/site-packages/nbclient/client.py", line 918, in _check_raise_for_error
    raise CellExecutionError.from_cell_and_msg(cell, exec_reply_content)
nbclient.exceptions.CellExecutionError: An error occurred while executing the following cell:
------------------
dataset = open_url('http://test.opendap.org/dap/data/nc/coads_climatology.nc', protocol='dap4') # dap2 is the default
dataset
------------------


Traceback [36m(most recent call last)[39m:

  File [92m~/mambaforge/envs/pydap_docs/lib/python3.11/site-packages/IPython/core/interactiveshell.py:3748[39m in [95mrun_code[39m
    exec(code_obj, self.user_global_ns, self.user_ns)

  Cell [92mIn[9][39m[92m, line 1[39m
    dataset = open_url('http://test.opendap.org/dap/data/nc/coads_climatology.nc', protocol='dap4') # dap2 is the default

  File [92m~/mambaforge/envs/pydap_docs/lib/python3.11/site-packages/pydap/client.py:179[39m in [95mopen_url[39m
    handler = DAPHandler(

  File [92m~/mambaforge/envs/pydap_docs/lib/python3.11/site-packages/pydap/handlers/dap.py:163[39m in [95m__init__[39m
    self.make_dataset()

  File [92m~/mambaforge/envs/pydap_docs/lib/python3.11/site-packages/pydap/handlers/dap.py:198[39m in [95mmake_dataset[39m
    self.dataset_from_dap4()

  File [92m~/mambaforge/envs/pydap_docs/lib/python3.11/site-packages/pydap/handlers/dap.py:227[39m in [95mdataset_from_dap4[39m
    self.dataset = dmr_to_dataset(dmr, self.flat)

  File [92m~/mambaforge/envs/pydap_docs/lib/python3.11/site-packages/pydap/parsers/dmr.py:257[39m in [95mdmr_to_dataset[39m
    dom_et = copy.deepcopy(DMRParser(dmr, dmrVersion=dmrVersion).node)

  File [92m~/mambaforge/envs/pydap_docs/lib/python3.11/site-packages/pydap/parsers/dmr.py:413[39m in [95m__init__[39m
    self.node = ET.fromstring(_dmr)

[36m  [39m[36mFile [39m[32m~/mambaforge/envs/pydap_docs/lib/python3.11/xml/etree/ElementTree.py:1351[39m[36m in [39m[35mXML[39m
[31m    [39m[31mreturn parser.close()[39m

  [36mFile [39m[32m<string>[39m
[31m    [39m
[31mParseError[39m[31m:[39m no element found: line 1, column 0


